<?xml version="1.0" encoding="UTF-8"?>
<testsuite name="LikeApiController 테스트" tests="1" skipped="0" failures="0" errors="0" timestamp="2024-01-29T07:53:31" hostname="bagsangmin-ui-MacBookAir.local" time="0.005">
  <properties/>
  <testcase name="[POST] 게시글 좋아요 - 로그인 세션 유효 X" classname="springJpaBoard.Board.like.controller.LikeApiControllerTest" time="0.005"/>
  <system-out><![CDATA[2024-01-29 16:53:31.147  INFO 2847 --- [    Test worker] .b.t.a.w.s.WebMvcTestContextBootstrapper : Neither @ContextConfiguration nor @ContextHierarchy found for test class [springJpaBoard.Board.like.controller.LikeApiControllerTest], using SpringBootContextLoader
2024-01-29 16:53:31.148  INFO 2847 --- [    Test worker] o.s.t.c.support.AbstractContextLoader    : Could not detect default resource locations for test class [springJpaBoard.Board.like.controller.LikeApiControllerTest]: no resource found for suffixes {-context.xml, Context.groovy}.
2024-01-29 16:53:31.148  INFO 2847 --- [    Test worker] t.c.s.AnnotationConfigContextLoaderUtils : Could not detect default configuration classes for test class [springJpaBoard.Board.like.controller.LikeApiControllerTest]: LikeApiControllerTest does not declare any static, non-private, non-final, nested classes annotated with @Configuration.
2024-01-29 16:53:31.157  INFO 2847 --- [    Test worker] .b.t.c.SpringBootTestContextBootstrapper : Found @SpringBootConfiguration springJpaBoard.Board.BoardApplication for test class springJpaBoard.Board.like.controller.LikeApiControllerTest
2024-01-29 16:53:31.157  INFO 2847 --- [    Test worker] .b.t.a.w.s.WebMvcTestContextBootstrapper : Loaded default TestExecutionListener class names from location [META-INF/spring.factories]: [org.springframework.boot.test.autoconfigure.restdocs.RestDocsTestExecutionListener, org.springframework.boot.test.autoconfigure.web.client.MockRestServiceServerResetTestExecutionListener, org.springframework.boot.test.autoconfigure.web.servlet.MockMvcPrintOnlyOnFailureTestExecutionListener, org.springframework.boot.test.autoconfigure.web.servlet.WebDriverTestExecutionListener, org.springframework.boot.test.autoconfigure.webservices.client.MockWebServiceServerTestExecutionListener, org.springframework.boot.test.mock.mockito.MockitoTestExecutionListener, org.springframework.boot.test.mock.mockito.ResetMocksTestExecutionListener, org.springframework.test.context.web.ServletTestExecutionListener, org.springframework.test.context.support.DirtiesContextBeforeModesTestExecutionListener, org.springframework.test.context.event.ApplicationEventsTestExecutionListener, org.springframework.test.context.support.DependencyInjectionTestExecutionListener, org.springframework.test.context.support.DirtiesContextTestExecutionListener, org.springframework.test.context.transaction.TransactionalTestExecutionListener, org.springframework.test.context.jdbc.SqlScriptsTestExecutionListener, org.springframework.test.context.event.EventPublishingTestExecutionListener]
2024-01-29 16:53:31.157  INFO 2847 --- [    Test worker] .b.t.a.w.s.WebMvcTestContextBootstrapper : Using TestExecutionListeners: [org.springframework.test.context.web.ServletTestExecutionListener@7210f559, org.springframework.test.context.support.DirtiesContextBeforeModesTestExecutionListener@49b9ba6a, org.springframework.test.context.event.ApplicationEventsTestExecutionListener@7be62956, org.springframework.boot.test.mock.mockito.MockitoTestExecutionListener@30e143ff, org.springframework.boot.test.autoconfigure.SpringBootDependencyInjectionTestExecutionListener@452ec287, org.springframework.test.context.support.DirtiesContextTestExecutionListener@41404aa2, org.springframework.test.context.transaction.TransactionalTestExecutionListener@b267745, org.springframework.test.context.jdbc.SqlScriptsTestExecutionListener@31e22365, org.springframework.test.context.event.EventPublishingTestExecutionListener@2ebf524, org.springframework.boot.test.autoconfigure.restdocs.RestDocsTestExecutionListener@41bdaa81, org.springframework.boot.test.autoconfigure.web.client.MockRestServiceServerResetTestExecutionListener@799971ac, org.springframework.boot.test.autoconfigure.web.servlet.MockMvcPrintOnlyOnFailureTestExecutionListener@59c08cf1, org.springframework.boot.test.autoconfigure.web.servlet.WebDriverTestExecutionListener@45f0038, org.springframework.boot.test.autoconfigure.webservices.client.MockWebServiceServerTestExecutionListener@289a4b90, org.springframework.boot.test.mock.mockito.ResetMocksTestExecutionListener@1a3c4b3e]

  .   ____          _            __ _ _
 /\\ / ___'_ __ _ _(_)_ __  __ _ \ \ \ \
( ( )\___ | '_ | '_| | '_ \/ _` | \ \ \ \
 \\/  ___)| |_)| | | | | || (_| |  ) ) ) )
  '  |____| .__|_| |_|_| |_\__, | / / / /
 =========|_|==============|___/=/_/_/_/
 :: Spring Boot ::               (v2.7.17)

2024-01-29 16:53:31.168  INFO 2847 --- [    Test worker] s.B.l.controller.LikeApiControllerTest   : Starting LikeApiControllerTest using Java 17.0.6 on bagsangmin-ui-MacBookAir.local with PID 2847 (started by sangmin8817 in /Users/sangmin8817/Desktop/Board)
2024-01-29 16:53:31.169  INFO 2847 --- [    Test worker] s.B.l.controller.LikeApiControllerTest   : No active profile set, falling back to 1 default profile: "default"
2024-01-29 16:53:31.381  INFO 2847 --- [    Test worker] o.s.b.t.m.w.SpringBootMockServletContext : Initializing Spring TestDispatcherServlet ''
2024-01-29 16:53:31.381  INFO 2847 --- [    Test worker] o.s.t.web.servlet.TestDispatcherServlet  : Initializing Servlet ''
2024-01-29 16:53:31.381  INFO 2847 --- [    Test worker] o.s.t.web.servlet.TestDispatcherServlet  : Completed initialization in 0 ms
2024-01-29 16:53:31.386  INFO 2847 --- [    Test worker] s.B.l.controller.LikeApiControllerTest   : Started LikeApiControllerTest in 0.227 seconds (JVM running for 2.341)
2024-01-29 16:53:31.392  INFO 2847 --- [    Test worker] s.B.global.interceptor.LogInterceptor    : REQUSET [be789a98-a50a-4da8-a555-2a587f90209f][/api/likes/up/1][ResourceHttpRequestHandler [classpath [META-INF/resources/], classpath [resources/], classpath [static/], classpath [public/], ServletContext [/]]]
2024-01-29 16:53:31.392  INFO 2847 --- [    Test worker] s.B.g.interceptor.LoginCheckInterceptor  : 인증 체크 인터셉터 실행 /api/likes/up/1
2024-01-29 16:53:31.392  INFO 2847 --- [    Test worker] s.B.g.interceptor.LoginCheckInterceptor  : 미인증 사용자 요청
2024-01-29 16:53:31.392  INFO 2847 --- [    Test worker] s.B.global.interceptor.LogInterceptor    : RESPONSE [be789a98-a50a-4da8-a555-2a587f90209f][/api/likes/up/1]
]]></system-out>
  <system-err><![CDATA[]]></system-err>
</testsuite>
